<?xml version="1.0" encoding="UTF-8"?>
<testng-results ignored="0" total="15" passed="15" failed="0" skipped="0">
  <reporter-output>
  </reporter-output>
  <suite started-at="2025-03-22T14:41:20 IST" name="Suite" finished-at="2025-03-22T14:42:22 IST" duration-ms="61869">
    <groups>
      <group name="cucumber">
        <method signature="AbstractTestNGCucumberTests.runScenario(io.cucumber.testng.PickleWrapper,io.cucumber.testng.FeatureWrapper)[pri:0, instance:com.demowebshop.runner.DemowebshopRunnerTestCase@5a59ca5e]" name="runScenario" class="io.cucumber.testng.AbstractTestNGCucumberTests"/>
      </group> <!-- cucumber -->
    </groups>
    <test started-at="2025-03-22T14:41:20 IST" name="Test" finished-at="2025-03-22T14:42:22 IST" duration-ms="61869">
      <class name="com.demowebshop.runner.DemowebshopRunnerTestCase">
        <test-method is-config="true" signature="setUpClass(org.testng.ITestContext)[pri:0, instance:com.demowebshop.runner.DemowebshopRunnerTestCase@5a59ca5e]" started-at="2025-03-22T14:41:20 IST" name="setUpClass" finished-at="2025-03-22T14:41:26 IST" duration-ms="5962" status="PASS">
          <params>
            <param index="0">
              <value>
                <![CDATA[org.testng.TestRunner@24a3d414]]>
              </value>
            </param>
          </params>
          <reporter-output>
          </reporter-output>
        </test-method> <!-- setUpClass -->
        <test-method signature="runScenario(io.cucumber.testng.PickleWrapper,io.cucumber.testng.FeatureWrapper)[pri:0, instance:com.demowebshop.runner.DemowebshopRunnerTestCase@5a59ca5e]" started-at="2025-03-22T14:41:26 IST" name="runScenario" description="Runs Cucumber Scenarios" data-provider="scenarios" finished-at="2025-03-22T14:41:30 IST" duration-ms="3995" status="PASS">
          <params>
            <param index="0">
              <value>
                <![CDATA["Successful Registration"]]>
              </value>
            </param>
            <param index="1">
              <value>
                <![CDATA["Home Page Verification,Search Functionality and product details verification"]]>
              </value>
            </param>
          </params>
          <reporter-output>
          </reporter-output>
        </test-method> <!-- runScenario -->
        <test-method signature="runScenario(io.cucumber.testng.PickleWrapper,io.cucumber.testng.FeatureWrapper)[pri:0, instance:com.demowebshop.runner.DemowebshopRunnerTestCase@5a59ca5e]" started-at="2025-03-22T14:41:30 IST" name="runScenario" description="Runs Cucumber Scenarios" data-provider="scenarios" finished-at="2025-03-22T14:41:36 IST" duration-ms="6177" status="PASS">
          <params>
            <param index="0">
              <value>
                <![CDATA["Successful Registration"]]>
              </value>
            </param>
            <param index="1">
              <value>
                <![CDATA["Home Page Verification,Search Functionality and product details verification"]]>
              </value>
            </param>
          </params>
          <reporter-output>
          </reporter-output>
        </test-method> <!-- runScenario -->
        <test-method signature="runScenario(io.cucumber.testng.PickleWrapper,io.cucumber.testng.FeatureWrapper)[pri:0, instance:com.demowebshop.runner.DemowebshopRunnerTestCase@5a59ca5e]" started-at="2025-03-22T14:41:36 IST" name="runScenario" description="Runs Cucumber Scenarios" data-provider="scenarios" finished-at="2025-03-22T14:41:39 IST" duration-ms="2388" status="PASS">
          <params>
            <param index="0">
              <value>
                <![CDATA["Login with valid credentials"]]>
              </value>
            </param>
            <param index="1">
              <value>
                <![CDATA["Home Page Verification,Search Functionality and product details verification"]]>
              </value>
            </param>
          </params>
          <reporter-output>
          </reporter-output>
        </test-method> <!-- runScenario -->
        <test-method signature="runScenario(io.cucumber.testng.PickleWrapper,io.cucumber.testng.FeatureWrapper)[pri:0, instance:com.demowebshop.runner.DemowebshopRunnerTestCase@5a59ca5e]" started-at="2025-03-22T14:41:39 IST" name="runScenario" description="Runs Cucumber Scenarios" data-provider="scenarios" finished-at="2025-03-22T14:41:39 IST" duration-ms="155" status="PASS">
          <params>
            <param index="0">
              <value>
                <![CDATA["Verify the display of major sections on the home page"]]>
              </value>
            </param>
            <param index="1">
              <value>
                <![CDATA["Home Page Verification,Search Functionality and product details verification"]]>
              </value>
            </param>
          </params>
          <reporter-output>
          </reporter-output>
        </test-method> <!-- runScenario -->
        <test-method signature="runScenario(io.cucumber.testng.PickleWrapper,io.cucumber.testng.FeatureWrapper)[pri:0, instance:com.demowebshop.runner.DemowebshopRunnerTestCase@5a59ca5e]" started-at="2025-03-22T14:41:39 IST" name="runScenario" description="Runs Cucumber Scenarios" data-provider="scenarios" finished-at="2025-03-22T14:41:40 IST" duration-ms="1461" status="PASS">
          <params>
            <param index="0">
              <value>
                <![CDATA["Search for a product using the search bar"]]>
              </value>
            </param>
            <param index="1">
              <value>
                <![CDATA["Home Page Verification,Search Functionality and product details verification"]]>
              </value>
            </param>
          </params>
          <reporter-output>
          </reporter-output>
        </test-method> <!-- runScenario -->
        <test-method signature="runScenario(io.cucumber.testng.PickleWrapper,io.cucumber.testng.FeatureWrapper)[pri:0, instance:com.demowebshop.runner.DemowebshopRunnerTestCase@5a59ca5e]" started-at="2025-03-22T14:41:40 IST" name="runScenario" description="Runs Cucumber Scenarios" data-provider="scenarios" finished-at="2025-03-22T14:41:47 IST" duration-ms="6330" status="PASS">
          <params>
            <param index="0">
              <value>
                <![CDATA["Search and apply filters for different products"]]>
              </value>
            </param>
            <param index="1">
              <value>
                <![CDATA["Home Page Verification,Search Functionality and product details verification"]]>
              </value>
            </param>
          </params>
          <reporter-output>
          </reporter-output>
        </test-method> <!-- runScenario -->
        <test-method signature="runScenario(io.cucumber.testng.PickleWrapper,io.cucumber.testng.FeatureWrapper)[pri:0, instance:com.demowebshop.runner.DemowebshopRunnerTestCase@5a59ca5e]" started-at="2025-03-22T14:41:47 IST" name="runScenario" description="Runs Cucumber Scenarios" data-provider="scenarios" finished-at="2025-03-22T14:41:52 IST" duration-ms="5393" status="PASS">
          <params>
            <param index="0">
              <value>
                <![CDATA["Search and apply filters for different products"]]>
              </value>
            </param>
            <param index="1">
              <value>
                <![CDATA["Home Page Verification,Search Functionality and product details verification"]]>
              </value>
            </param>
          </params>
          <reporter-output>
          </reporter-output>
        </test-method> <!-- runScenario -->
        <test-method signature="runScenario(io.cucumber.testng.PickleWrapper,io.cucumber.testng.FeatureWrapper)[pri:0, instance:com.demowebshop.runner.DemowebshopRunnerTestCase@5a59ca5e]" started-at="2025-03-22T14:41:52 IST" name="runScenario" description="Runs Cucumber Scenarios" data-provider="scenarios" finished-at="2025-03-22T14:41:54 IST" duration-ms="1573" status="PASS">
          <params>
            <param index="0">
              <value>
                <![CDATA["Validate product details on the product details page"]]>
              </value>
            </param>
            <param index="1">
              <value>
                <![CDATA["Home Page Verification,Search Functionality and product details verification"]]>
              </value>
            </param>
          </params>
          <reporter-output>
          </reporter-output>
        </test-method> <!-- runScenario -->
        <test-method signature="runScenario(io.cucumber.testng.PickleWrapper,io.cucumber.testng.FeatureWrapper)[pri:0, instance:com.demowebshop.runner.DemowebshopRunnerTestCase@5a59ca5e]" started-at="2025-03-22T14:41:54 IST" name="runScenario" description="Runs Cucumber Scenarios" data-provider="scenarios" finished-at="2025-03-22T14:41:59 IST" duration-ms="5798" status="PASS">
          <params>
            <param index="0">
              <value>
                <![CDATA["Manage Shopping Cart (Update & Remove)"]]>
              </value>
            </param>
            <param index="1">
              <value>
                <![CDATA["Testing the entire flow from adding items to the cart to completing a purchase."]]>
              </value>
            </param>
          </params>
          <reporter-output>
          </reporter-output>
        </test-method> <!-- runScenario -->
        <test-method signature="runScenario(io.cucumber.testng.PickleWrapper,io.cucumber.testng.FeatureWrapper)[pri:0, instance:com.demowebshop.runner.DemowebshopRunnerTestCase@5a59ca5e]" started-at="2025-03-22T14:41:59 IST" name="runScenario" description="Runs Cucumber Scenarios" data-provider="scenarios" finished-at="2025-03-22T14:42:10 IST" duration-ms="10935" status="PASS">
          <params>
            <param index="0">
              <value>
                <![CDATA["Completing an order with valid billing, shipping, and payment details"]]>
              </value>
            </param>
            <param index="1">
              <value>
                <![CDATA["Testing the entire flow from adding items to the cart to completing a purchase."]]>
              </value>
            </param>
          </params>
          <reporter-output>
          </reporter-output>
        </test-method> <!-- runScenario -->
        <test-method signature="runScenario(io.cucumber.testng.PickleWrapper,io.cucumber.testng.FeatureWrapper)[pri:0, instance:com.demowebshop.runner.DemowebshopRunnerTestCase@5a59ca5e]" started-at="2025-03-22T14:42:10 IST" name="runScenario" description="Runs Cucumber Scenarios" data-provider="scenarios" finished-at="2025-03-22T14:42:12 IST" duration-ms="1829" status="PASS">
          <params>
            <param index="0">
              <value>
                <![CDATA["Invalid Registration"]]>
              </value>
            </param>
            <param index="1">
              <value>
                <![CDATA["Login and Registration Functionality"]]>
              </value>
            </param>
          </params>
          <reporter-output>
          </reporter-output>
        </test-method> <!-- runScenario -->
        <test-method signature="runScenario(io.cucumber.testng.PickleWrapper,io.cucumber.testng.FeatureWrapper)[pri:0, instance:com.demowebshop.runner.DemowebshopRunnerTestCase@5a59ca5e]" started-at="2025-03-22T14:42:12 IST" name="runScenario" description="Runs Cucumber Scenarios" data-provider="scenarios" finished-at="2025-03-22T14:42:14 IST" duration-ms="1683" status="PASS">
          <params>
            <param index="0">
              <value>
                <![CDATA["Login with invalid credentials"]]>
              </value>
            </param>
            <param index="1">
              <value>
                <![CDATA["Login and Registration Functionality"]]>
              </value>
            </param>
          </params>
          <reporter-output>
          </reporter-output>
        </test-method> <!-- runScenario -->
        <test-method signature="runScenario(io.cucumber.testng.PickleWrapper,io.cucumber.testng.FeatureWrapper)[pri:0, instance:com.demowebshop.runner.DemowebshopRunnerTestCase@5a59ca5e]" started-at="2025-03-22T14:42:14 IST" name="runScenario" description="Runs Cucumber Scenarios" data-provider="scenarios" finished-at="2025-03-22T14:42:16 IST" duration-ms="1759" status="PASS">
          <params>
            <param index="0">
              <value>
                <![CDATA["Login with invalid email"]]>
              </value>
            </param>
            <param index="1">
              <value>
                <![CDATA["Login and Registration Functionality"]]>
              </value>
            </param>
          </params>
          <reporter-output>
          </reporter-output>
        </test-method> <!-- runScenario -->
        <test-method signature="runScenario(io.cucumber.testng.PickleWrapper,io.cucumber.testng.FeatureWrapper)[pri:0, instance:com.demowebshop.runner.DemowebshopRunnerTestCase@5a59ca5e]" started-at="2025-03-22T14:42:16 IST" name="runScenario" description="Runs Cucumber Scenarios" data-provider="scenarios" finished-at="2025-03-22T14:42:18 IST" duration-ms="2463" status="PASS">
          <params>
            <param index="0">
              <value>
                <![CDATA["Recovering the Password"]]>
              </value>
            </param>
            <param index="1">
              <value>
                <![CDATA["Login and Registration Functionality"]]>
              </value>
            </param>
          </params>
          <reporter-output>
          </reporter-output>
        </test-method> <!-- runScenario -->
        <test-method signature="runScenario(io.cucumber.testng.PickleWrapper,io.cucumber.testng.FeatureWrapper)[pri:0, instance:com.demowebshop.runner.DemowebshopRunnerTestCase@5a59ca5e]" started-at="2025-03-22T14:42:18 IST" name="runScenario" description="Runs Cucumber Scenarios" data-provider="scenarios" finished-at="2025-03-22T14:42:21 IST" duration-ms="2588" status="PASS">
          <params>
            <param index="0">
              <value>
                <![CDATA["Search with no matching results"]]>
              </value>
            </param>
            <param index="1">
              <value>
                <![CDATA["Login and Registration Functionality"]]>
              </value>
            </param>
          </params>
          <reporter-output>
          </reporter-output>
        </test-method> <!-- runScenario -->
        <test-method is-config="true" signature="tearDownClass()[pri:0, instance:com.demowebshop.runner.DemowebshopRunnerTestCase@5a59ca5e]" started-at="2025-03-22T14:42:21 IST" name="tearDownClass" finished-at="2025-03-22T14:42:22 IST" duration-ms="1264" status="PASS">
          <reporter-output>
          </reporter-output>
        </test-method> <!-- tearDownClass -->
      </class> <!-- com.demowebshop.runner.DemowebshopRunnerTestCase -->
    </test> <!-- Test -->
  </suite> <!-- Suite -->
</testng-results>
