<?xml version="1.0" encoding="UTF-8"?>
<testng-results ignored="0" total="14" passed="14" failed="0" skipped="0">
  <reporter-output>
  </reporter-output>
  <suite started-at="2025-03-21T23:23:01 IST" name="Suite" finished-at="2025-03-21T23:23:56 IST" duration-ms="54868">
    <groups>
      <group name="cucumber">
        <method signature="AbstractTestNGCucumberTests.runScenario(io.cucumber.testng.PickleWrapper,io.cucumber.testng.FeatureWrapper)[pri:0, instance:com.demowebshop.runner.DemowebshopRunnerTestCase@5a59ca5e]" name="runScenario" class="io.cucumber.testng.AbstractTestNGCucumberTests"/>
      </group> <!-- cucumber -->
    </groups>
    <test started-at="2025-03-21T23:23:01 IST" name="Test" finished-at="2025-03-21T23:23:56 IST" duration-ms="54868">
      <class name="com.demowebshop.runner.DemowebshopRunnerTestCase">
        <test-method is-config="true" signature="setUpClass(org.testng.ITestContext)[pri:0, instance:com.demowebshop.runner.DemowebshopRunnerTestCase@5a59ca5e]" started-at="2025-03-21T23:23:02 IST" name="setUpClass" finished-at="2025-03-21T23:23:08 IST" duration-ms="6423" status="PASS">
          <params>
            <param index="0">
              <value>
                <![CDATA[org.testng.TestRunner@708dfe10]]>
              </value>
            </param>
          </params>
          <reporter-output>
          </reporter-output>
        </test-method> <!-- setUpClass -->
        <test-method signature="runScenario(io.cucumber.testng.PickleWrapper,io.cucumber.testng.FeatureWrapper)[pri:0, instance:com.demowebshop.runner.DemowebshopRunnerTestCase@5a59ca5e]" started-at="2025-03-21T23:23:08 IST" name="runScenario" description="Runs Cucumber Scenarios" data-provider="scenarios" finished-at="2025-03-21T23:23:12 IST" duration-ms="4075" status="PASS">
          <params>
            <param index="0">
              <value>
                <![CDATA["Successful Registration"]]>
              </value>
            </param>
            <param index="1">
              <value>
                <![CDATA["Home Page Verification,Search Functionality and product details verification"]]>
              </value>
            </param>
          </params>
          <reporter-output>
          </reporter-output>
        </test-method> <!-- runScenario -->
        <test-method signature="runScenario(io.cucumber.testng.PickleWrapper,io.cucumber.testng.FeatureWrapper)[pri:0, instance:com.demowebshop.runner.DemowebshopRunnerTestCase@5a59ca5e]" started-at="2025-03-21T23:23:12 IST" name="runScenario" description="Runs Cucumber Scenarios" data-provider="scenarios" finished-at="2025-03-21T23:23:15 IST" duration-ms="2474" status="PASS">
          <params>
            <param index="0">
              <value>
                <![CDATA["Login with valid credentials"]]>
              </value>
            </param>
            <param index="1">
              <value>
                <![CDATA["Home Page Verification,Search Functionality and product details verification"]]>
              </value>
            </param>
          </params>
          <reporter-output>
          </reporter-output>
        </test-method> <!-- runScenario -->
        <test-method signature="runScenario(io.cucumber.testng.PickleWrapper,io.cucumber.testng.FeatureWrapper)[pri:0, instance:com.demowebshop.runner.DemowebshopRunnerTestCase@5a59ca5e]" started-at="2025-03-21T23:23:15 IST" name="runScenario" description="Runs Cucumber Scenarios" data-provider="scenarios" finished-at="2025-03-21T23:23:15 IST" duration-ms="209" status="PASS">
          <params>
            <param index="0">
              <value>
                <![CDATA["Verify the display of major sections on the home page"]]>
              </value>
            </param>
            <param index="1">
              <value>
                <![CDATA["Home Page Verification,Search Functionality and product details verification"]]>
              </value>
            </param>
          </params>
          <reporter-output>
          </reporter-output>
        </test-method> <!-- runScenario -->
        <test-method signature="runScenario(io.cucumber.testng.PickleWrapper,io.cucumber.testng.FeatureWrapper)[pri:0, instance:com.demowebshop.runner.DemowebshopRunnerTestCase@5a59ca5e]" started-at="2025-03-21T23:23:15 IST" name="runScenario" description="Runs Cucumber Scenarios" data-provider="scenarios" finished-at="2025-03-21T23:23:16 IST" duration-ms="1291" status="PASS">
          <params>
            <param index="0">
              <value>
                <![CDATA["Search for a product using the search bar"]]>
              </value>
            </param>
            <param index="1">
              <value>
                <![CDATA["Home Page Verification,Search Functionality and product details verification"]]>
              </value>
            </param>
          </params>
          <reporter-output>
          </reporter-output>
        </test-method> <!-- runScenario -->
        <test-method signature="runScenario(io.cucumber.testng.PickleWrapper,io.cucumber.testng.FeatureWrapper)[pri:0, instance:com.demowebshop.runner.DemowebshopRunnerTestCase@5a59ca5e]" started-at="2025-03-21T23:23:16 IST" name="runScenario" description="Runs Cucumber Scenarios" data-provider="scenarios" finished-at="2025-03-21T23:23:22 IST" duration-ms="5652" status="PASS">
          <params>
            <param index="0">
              <value>
                <![CDATA["Search and apply filters for different products"]]>
              </value>
            </param>
            <param index="1">
              <value>
                <![CDATA["Home Page Verification,Search Functionality and product details verification"]]>
              </value>
            </param>
          </params>
          <reporter-output>
          </reporter-output>
        </test-method> <!-- runScenario -->
        <test-method signature="runScenario(io.cucumber.testng.PickleWrapper,io.cucumber.testng.FeatureWrapper)[pri:0, instance:com.demowebshop.runner.DemowebshopRunnerTestCase@5a59ca5e]" started-at="2025-03-21T23:23:22 IST" name="runScenario" description="Runs Cucumber Scenarios" data-provider="scenarios" finished-at="2025-03-21T23:23:27 IST" duration-ms="5402" status="PASS">
          <params>
            <param index="0">
              <value>
                <![CDATA["Search and apply filters for different products"]]>
              </value>
            </param>
            <param index="1">
              <value>
                <![CDATA["Home Page Verification,Search Functionality and product details verification"]]>
              </value>
            </param>
          </params>
          <reporter-output>
          </reporter-output>
        </test-method> <!-- runScenario -->
        <test-method signature="runScenario(io.cucumber.testng.PickleWrapper,io.cucumber.testng.FeatureWrapper)[pri:0, instance:com.demowebshop.runner.DemowebshopRunnerTestCase@5a59ca5e]" started-at="2025-03-21T23:23:27 IST" name="runScenario" description="Runs Cucumber Scenarios" data-provider="scenarios" finished-at="2025-03-21T23:23:29 IST" duration-ms="1505" status="PASS">
          <params>
            <param index="0">
              <value>
                <![CDATA["Validate product details on the product details page"]]>
              </value>
            </param>
            <param index="1">
              <value>
                <![CDATA["Home Page Verification,Search Functionality and product details verification"]]>
              </value>
            </param>
          </params>
          <reporter-output>
          </reporter-output>
        </test-method> <!-- runScenario -->
        <test-method signature="runScenario(io.cucumber.testng.PickleWrapper,io.cucumber.testng.FeatureWrapper)[pri:0, instance:com.demowebshop.runner.DemowebshopRunnerTestCase@5a59ca5e]" started-at="2025-03-21T23:23:29 IST" name="runScenario" description="Runs Cucumber Scenarios" data-provider="scenarios" finished-at="2025-03-21T23:23:33 IST" duration-ms="4698" status="PASS">
          <params>
            <param index="0">
              <value>
                <![CDATA["Manage Shopping Cart (Update & Remove)"]]>
              </value>
            </param>
            <param index="1">
              <value>
                <![CDATA["Testing the entire flow from adding items to the cart to completing a purchase."]]>
              </value>
            </param>
          </params>
          <reporter-output>
          </reporter-output>
        </test-method> <!-- runScenario -->
        <test-method signature="runScenario(io.cucumber.testng.PickleWrapper,io.cucumber.testng.FeatureWrapper)[pri:0, instance:com.demowebshop.runner.DemowebshopRunnerTestCase@5a59ca5e]" started-at="2025-03-21T23:23:33 IST" name="runScenario" description="Runs Cucumber Scenarios" data-provider="scenarios" finished-at="2025-03-21T23:23:44 IST" duration-ms="10827" status="PASS">
          <params>
            <param index="0">
              <value>
                <![CDATA["Completing an order with valid billing, shipping, and payment details"]]>
              </value>
            </param>
            <param index="1">
              <value>
                <![CDATA["Testing the entire flow from adding items to the cart to completing a purchase."]]>
              </value>
            </param>
          </params>
          <reporter-output>
          </reporter-output>
        </test-method> <!-- runScenario -->
        <test-method signature="runScenario(io.cucumber.testng.PickleWrapper,io.cucumber.testng.FeatureWrapper)[pri:0, instance:com.demowebshop.runner.DemowebshopRunnerTestCase@5a59ca5e]" started-at="2025-03-21T23:23:44 IST" name="runScenario" description="Runs Cucumber Scenarios" data-provider="scenarios" finished-at="2025-03-21T23:23:46 IST" duration-ms="2008" status="PASS">
          <params>
            <param index="0">
              <value>
                <![CDATA["Invalid Registration"]]>
              </value>
            </param>
            <param index="1">
              <value>
                <![CDATA["Login and Registration Functionality"]]>
              </value>
            </param>
          </params>
          <reporter-output>
          </reporter-output>
        </test-method> <!-- runScenario -->
        <test-method signature="runScenario(io.cucumber.testng.PickleWrapper,io.cucumber.testng.FeatureWrapper)[pri:0, instance:com.demowebshop.runner.DemowebshopRunnerTestCase@5a59ca5e]" started-at="2025-03-21T23:23:46 IST" name="runScenario" description="Runs Cucumber Scenarios" data-provider="scenarios" finished-at="2025-03-21T23:23:48 IST" duration-ms="1953" status="PASS">
          <params>
            <param index="0">
              <value>
                <![CDATA["Login with invalid credentials"]]>
              </value>
            </param>
            <param index="1">
              <value>
                <![CDATA["Login and Registration Functionality"]]>
              </value>
            </param>
          </params>
          <reporter-output>
          </reporter-output>
        </test-method> <!-- runScenario -->
        <test-method signature="runScenario(io.cucumber.testng.PickleWrapper,io.cucumber.testng.FeatureWrapper)[pri:0, instance:com.demowebshop.runner.DemowebshopRunnerTestCase@5a59ca5e]" started-at="2025-03-21T23:23:48 IST" name="runScenario" description="Runs Cucumber Scenarios" data-provider="scenarios" finished-at="2025-03-21T23:23:50 IST" duration-ms="1860" status="PASS">
          <params>
            <param index="0">
              <value>
                <![CDATA["Login with invalid email"]]>
              </value>
            </param>
            <param index="1">
              <value>
                <![CDATA["Login and Registration Functionality"]]>
              </value>
            </param>
          </params>
          <reporter-output>
          </reporter-output>
        </test-method> <!-- runScenario -->
        <test-method signature="runScenario(io.cucumber.testng.PickleWrapper,io.cucumber.testng.FeatureWrapper)[pri:0, instance:com.demowebshop.runner.DemowebshopRunnerTestCase@5a59ca5e]" started-at="2025-03-21T23:23:50 IST" name="runScenario" description="Runs Cucumber Scenarios" data-provider="scenarios" finished-at="2025-03-21T23:23:52 IST" duration-ms="2352" status="PASS">
          <params>
            <param index="0">
              <value>
                <![CDATA["Recovering the Password"]]>
              </value>
            </param>
            <param index="1">
              <value>
                <![CDATA["Login and Registration Functionality"]]>
              </value>
            </param>
          </params>
          <reporter-output>
          </reporter-output>
        </test-method> <!-- runScenario -->
        <test-method signature="runScenario(io.cucumber.testng.PickleWrapper,io.cucumber.testng.FeatureWrapper)[pri:0, instance:com.demowebshop.runner.DemowebshopRunnerTestCase@5a59ca5e]" started-at="2025-03-21T23:23:52 IST" name="runScenario" description="Runs Cucumber Scenarios" data-provider="scenarios" finished-at="2025-03-21T23:23:55 IST" duration-ms="2304" status="PASS">
          <params>
            <param index="0">
              <value>
                <![CDATA["Search with no matching results"]]>
              </value>
            </param>
            <param index="1">
              <value>
                <![CDATA["Login and Registration Functionality"]]>
              </value>
            </param>
          </params>
          <reporter-output>
          </reporter-output>
        </test-method> <!-- runScenario -->
        <test-method is-config="true" signature="tearDownClass()[pri:0, instance:com.demowebshop.runner.DemowebshopRunnerTestCase@5a59ca5e]" started-at="2025-03-21T23:23:55 IST" name="tearDownClass" finished-at="2025-03-21T23:23:56 IST" duration-ms="1700" status="PASS">
          <reporter-output>
          </reporter-output>
        </test-method> <!-- tearDownClass -->
      </class> <!-- com.demowebshop.runner.DemowebshopRunnerTestCase -->
    </test> <!-- Test -->
  </suite> <!-- Suite -->
</testng-results>
